<?xml version="1.0" encoding="UTF-8"?>
<!-- Generated by org.testng.reporters.JUnitReportReporter -->
<testsuite hostname="PC" name="myPackage.shoppingTestRunner" tests="1" failures="0" timestamp="2 May 2016 17:03:41 GMT" time="0.165" errors="0">
  <testcase name="feature" time="0.165" classname="myPackage.shoppingTestRunner"/>
</testsuite> <!-- myPackage.shoppingTestRunner -->
